# JRE version: Java(TM) SE Runtime Environment (8.0_191-b12) (build 1.8.0_191-b12)
# Java VM: Java HotSpot(TM) 64-Bit Server VM (25.191-b12 mixed mode windows-amd64 compressed oops)
Heap:
 PSYoungGen      total 28160K, used 24261K [0x00000000e0b00000, 0x00000000e4200000, 0x0000000100000000)
  eden space 24576K, 98% used [0x00000000e0b00000,0x00000000e22b15f8,0x00000000e2300000)
  from space 3584K, 0% used [0x00000000e2300000,0x00000000e2300000,0x00000000e2680000)
  to   space 3584K, 0% used [0x00000000e3e80000,0x00000000e3e80000,0x00000000e4200000)
 ParOldGen       total 51712K, used 8106K [0x00000000a2000000, 0x00000000a5280000, 0x00000000e0b00000)
  object space 51712K, 15% used [0x00000000a2000000,0x00000000a27ea848,0x00000000a5280000)
 Metaspace       used 22045K, capacity 23223K, committed 23344K, reserved 1069056K
  class space    used 3027K, capacity 3279K, committed 3376K, reserved 1048576K
GC Heap History (8 events):
Event: 1.387 GC heap before
{Heap before GC invocations=1 (full 0):
 PSYoungGen      total 28160K, used 24576K [0x00000000e0b00000, 0x00000000e2a00000, 0x0000000100000000)
  eden space 24576K, 100% used [0x00000000e0b00000,0x00000000e2300000,0x00000000e2300000)
  from space 3584K, 0% used [0x00000000e2680000,0x00000000e2680000,0x00000000e2a00000)
  to   space 3584K, 0% used [0x00000000e2300000,0x00000000e2300000,0x00000000e2680000)
 ParOldGen       total 64512K, used 0K [0x00000000a2000000, 0x00000000a5f00000, 0x00000000e0b00000)
  object space 64512K, 0% used [0x00000000a2000000,0x00000000a2000000,0x00000000a5f00000)
 Metaspace       used 13712K, capacity 14188K, committed 14336K, reserved 1060864K
  class space    used 1787K, capacity 1937K, committed 2048K, reserved 1048576K
Event: 1.393 GC heap after
Heap after GC invocations=1 (full 0):
 PSYoungGen      total 28160K, used 3552K [0x00000000e0b00000, 0x00000000e2a00000, 0x0000000100000000)
  eden space 24576K, 0% used [0x00000000e0b00000,0x00000000e0b00000,0x00000000e2300000)
  from space 3584K, 99% used [0x00000000e2300000,0x00000000e2678040,0x00000000e2680000)
  to   space 3584K, 0% used [0x00000000e2680000,0x00000000e2680000,0x00000000e2a00000)
 ParOldGen       total 64512K, used 1062K [0x00000000a2000000, 0x00000000a5f00000, 0x00000000e0b00000)
  object space 64512K, 1% used [0x00000000a2000000,0x00000000a2109830,0x00000000a5f00000)
 Metaspace       used 13712K, capacity 14188K, committed 14336K, reserved 1060864K
  class space    used 1787K, capacity 1937K, committed 2048K, reserved 1048576K
}
Event: 2.433 GC heap before
{Heap before GC invocations=2 (full 0):
 PSYoungGen      total 28160K, used 28128K [0x00000000e0b00000, 0x00000000e2a00000, 0x0000000100000000)
  eden space 24576K, 100% used [0x00000000e0b00000,0x00000000e2300000,0x00000000e2300000)
  from space 3584K, 99% used [0x00000000e2300000,0x00000000e2678040,0x00000000e2680000)
  to   space 3584K, 0% used [0x00000000e2680000,0x00000000e2680000,0x00000000e2a00000)
 ParOldGen       total 64512K, used 1062K [0x00000000a2000000, 0x00000000a5f00000, 0x00000000e0b00000)
  object space 64512K, 1% used [0x00000000a2000000,0x00000000a2109830,0x00000000a5f00000)
 Metaspace       used 19127K, capacity 20148K, committed 20480K, reserved 1067008K
  class space    used 2744K, capacity 2971K, committed 3072K, reserved 1048576K
Event: 2.442 GC heap after
Heap after GC invocations=2 (full 0):
 PSYoungGen      total 28160K, used 3552K [0x00000000e0b00000, 0x00000000e2a00000, 0x0000000100000000)
  eden space 24576K, 0% used [0x00000000e0b00000,0x00000000e0b00000,0x00000000e2300000)
  from space 3584K, 99% used [0x00000000e2680000,0x00000000e29f8020,0x00000000e2a00000)
  to   space 3584K, 0% used [0x00000000e2300000,0x00000000e2300000,0x00000000e2680000)
 ParOldGen       total 64512K, used 4610K [0x00000000a2000000, 0x00000000a5f00000, 0x00000000e0b00000)
  object space 64512K, 7% used [0x00000000a2000000,0x00000000a2480b00,0x00000000a5f00000)
 Metaspace       used 19127K, capacity 20148K, committed 20480K, reserved 1067008K
  class space    used 2744K, capacity 2971K, committed 3072K, reserved 1048576K
}
Event: 2.689 GC heap before
{Heap before GC invocations=3 (full 0):
 PSYoungGen      total 28160K, used 8672K [0x00000000e0b00000, 0x00000000e2a00000, 0x0000000100000000)
  eden space 24576K, 20% used [0x00000000e0b00000,0x00000000e10001b8,0x00000000e2300000)
  from space 3584K, 99% used [0x00000000e2680000,0x00000000e29f8020,0x00000000e2a00000)
  to   space 3584K, 0% used [0x00000000e2300000,0x00000000e2300000,0x00000000e2680000)
 ParOldGen       total 64512K, used 4610K [0x00000000a2000000, 0x00000000a5f00000, 0x00000000e0b00000)
  object space 64512K, 7% used [0x00000000a2000000,0x00000000a2480b00,0x00000000a5f00000)
 Metaspace       used 20167K, capacity 21295K, committed 21296K, reserved 1067008K
  class space    used 2869K, capacity 3119K, committed 3120K, reserved 1048576K
Event: 2.703 GC heap after
Heap after GC invocations=3 (full 0):
 PSYoungGen      total 28160K, used 3568K [0x00000000e0b00000, 0x00000000e4200000, 0x0000000100000000)
  eden space 24576K, 0% used [0x00000000e0b00000,0x00000000e0b00000,0x00000000e2300000)
  from space 3584K, 99% used [0x00000000e2300000,0x00000000e267c030,0x00000000e2680000)
  to   space 3584K, 0% used [0x00000000e3e80000,0x00000000e3e80000,0x00000000e4200000)
 ParOldGen       total 64512K, used 5545K [0x00000000a2000000, 0x00000000a5f00000, 0x00000000e0b00000)
  object space 64512K, 8% used [0x00000000a2000000,0x00000000a256a5e0,0x00000000a5f00000)
 Metaspace       used 20167K, capacity 21295K, committed 21296K, reserved 1067008K
  class space    used 2869K, capacity 3119K, committed 3120K, reserved 1048576K
}
Event: 2.703 GC heap before
{Heap before GC invocations=4 (full 1):
 PSYoungGen      total 28160K, used 3568K [0x00000000e0b00000, 0x00000000e4200000, 0x0000000100000000)
  eden space 24576K, 0% used [0x00000000e0b00000,0x00000000e0b00000,0x00000000e2300000)
  from space 3584K, 99% used [0x00000000e2300000,0x00000000e267c030,0x00000000e2680000)
  to   space 3584K, 0% used [0x00000000e3e80000,0x00000000e3e80000,0x00000000e4200000)
 ParOldGen       total 64512K, used 5545K [0x00000000a2000000, 0x00000000a5f00000, 0x00000000e0b00000)
  object space 64512K, 8% used [0x00000000a2000000,0x00000000a256a5e0,0x00000000a5f00000)
 Metaspace       used 20167K, capacity 21295K, committed 21296K, reserved 1067008K
  class space    used 2869K, capacity 3119K, committed 3120K, reserved 1048576K
Event: 2.793 GC heap after
Heap after GC invocations=4 (full 1):
 PSYoungGen      total 28160K, used 0K [0x00000000e0b00000, 0x00000000e4200000, 0x0000000100000000)
  eden space 24576K, 0% used [0x00000000e0b00000,0x00000000e0b00000,0x00000000e2300000)
  from space 3584K, 0% used [0x00000000e2300000,0x00000000e2300000,0x00000000e2680000)
  to   space 3584K, 0% used [0x00000000e3e80000,0x00000000e3e80000,0x00000000e4200000)
 ParOldGen       total 51712K, used 8106K [0x00000000a2000000, 0x00000000a5280000, 0x00000000e0b00000)
  object space 51712K, 15% used [0x00000000a2000000,0x00000000a27ea848,0x00000000a5280000)
 Metaspace       used 20167K, capacity 21295K, committed 21296K, reserved 1067008K
  class space    used 2869K, capacity 3119K, committed 3120K, reserved 1048576K
}

